#
# There is insufficient memory for the Java Runtime Environment to continue.
# Native memory allocation (mmap) failed to map 266338304 bytes for Failed to commit area from 0x0000000702800000 to 0x0000000712600000 of length 266338304.
# Possible reasons:
#   The system is out of physical RAM or swap space
#   The process is running with CompressedOops enabled, and the Java Heap may be blocking the growth of the native heap
# Possible solutions:
#   Reduce memory load on the system
#   Increase physical memory or swap space
#   Check if swap backing store is full
#   Decrease Java heap size (-Xmx/-Xms)
#   Decrease number of Java threads
#   Decrease Java thread stack sizes (-Xss)
#   Set larger code cache with -XX:ReservedCodeCacheSize=
# This output file may be truncated or incomplete.
#
#  Out of Memory Error (./src/hotspot/os/windows/os_windows.cpp:3619), pid=25948, tid=4576
#
# JRE version:  (11.0.13) (build )
# Java VM: OpenJDK 64-Bit Server VM (11.0.13+0-b1751.21-8125866, mixed mode, sharing, tiered, compressed oops, g1 gc, windows-amd64)
# No core dump will be written. Minidumps are not enabled by default on client versions of Windows
#

---------------  S U M M A R Y ------------

Command Line: 

Host: Intel(R) Core(TM) i7-9750H CPU @ 2.60GHz, 12 cores, 15G,  Windows 11 , 64 bit Build 22621 (10.0.22621.285)
Time: Tue Jan 31 22:00:39 2023 India Standard Time elapsed time: 0.908215 seconds (0d 0h 0m 0s)

---------------  T H R E A D  ---------------

Current thread (0x000002bec0def000):  JavaThread "Unknown thread" [_thread_in_vm, id=4576, stack(0x000000f70e300000,0x000000f70e400000)]

Stack: [0x000000f70e300000,0x000000f70e400000]
Native frames: (J=compiled Java code, j=interpreted, Vv=VM code, C=native code)
V  [jvm.dll+0x6100fa]
V  [jvm.dll+0x747090]
V  [jvm.dll+0x7486ad]
V  [jvm.dll+0x748d83]
V  [jvm.dll+0x24ab48]
V  [jvm.dll+0x60d164]
V  [jvm.dll+0x601e75]
V  [jvm.dll+0x308bdb]
V  [jvm.dll+0x308b4a]
V  [jvm.dll+0x308a22]
V  [jvm.dll+0x30d986]
V  [jvm.dll+0x357093]
V  [jvm.dll+0x357796]
V  [jvm.dll+0x357193]
V  [jvm.dll+0x2e3448]
V  [jvm.dll+0x2e45f7]
V  [jvm.dll+0x7242e7]
V  [jvm.dll+0x725adc]
V  [jvm.dll+0x364629]
V  [jvm.dll+0x707cee]
V  [jvm.dll+0x3d2633]
V  [jvm.dll+0x3d4a21]
C  [jli.dll+0x536b]
C  [ucrtbase.dll+0x29363]
C  [KERNEL32.DLL+0x1244d]
C  [ntdll.dll+0x5df88]


---------------  P R O C E S S  ---------------

Threads class SMR info:
_java_thread_list=0x000002bec0c65140, length=0, elements={
}

Java Threads: ( => current thread )

Other Threads:
  0x000002bec0e04800 GCTaskThread "GC Thread#0" [stack: 0x000000f70e400000,0x000000f70e500000] [id=19768]
  0x000002bec0e5e800 ConcurrentGCThread "G1 Main Marker" [stack: 0x000000f70e500000,0x000000f70e600000] [id=3332]
  0x000002bec0e60800 ConcurrentGCThread "G1 Conc#0" [stack: 0x000000f70e600000,0x000000f70e700000] [id=17668]

[error occurred during error reporting (printing all threads), id 0xc0000005, EXCEPTION_ACCESS_VIOLATION (0xc0000005) at pc=0x00007ffcf6c53dd7]

VM state:not at safepoint (not fully initialized)

VM Mutex/Monitor currently owned by a thread:  ([mutex/lock_event])
[0x000002bec0dec0c0] Heap_lock - owner thread: 0x000002bec0def000

Heap address: 0x0000000702800000, size: 4056 MB, Compressed Oops mode: Non-zero based: 0x0000000702800000
Narrow klass base: 0x0000000000000000, Narrow klass shift: 0

GC Heap History (0 events):
No events

Deoptimization events (0 events):
No events

Classes redefined (0 events):
No events

Internal exceptions (0 events):
No events

Events (1 events):
Event: 0.009 Loaded shared library C:\Program Files\Android\Android Studio\jre\bin\zip.dll


Dynamic libraries:
0x00007ff752820000 - 0x00007ff75282a000 	C:\Program Files\Android\Android Studio\jre\bin\java.EXE
0x00007ffd5ad10000 - 0x00007ffd5af24000 	C:\WINDOWS\SYSTEM32\ntdll.dll
0x00007ffd5a340000 - 0x00007ffd5a402000 	C:\WINDOWS\System32\KERNEL32.DLL
0x00007ffd58660000 - 0x00007ffd589fc000 	C:\WINDOWS\System32\KERNELBASE.dll
0x00007ffd58540000 - 0x00007ffd58651000 	C:\WINDOWS\System32\ucrtbase.dll
0x00007ffd421f0000 - 0x00007ffd42209000 	C:\Program Files\Android\Android Studio\jre\bin\jli.dll
0x00007ffd41660000 - 0x00007ffd41677000 	C:\Program Files\Android\Android Studio\jre\bin\VCRUNTIME140.dll
0x00007ffd58c20000 - 0x00007ffd58dcb000 	C:\WINDOWS\System32\USER32.dll
0x00007ffd58a80000 - 0x00007ffd58aa6000 	C:\WINDOWS\System32\win32u.dll
0x00007ffd57380000 - 0x00007ffd5760e000 	C:\WINDOWS\WinSxS\amd64_microsoft.windows.common-controls_6595b64144ccf1df_6.0.22621.290_none_a93c417bc112f3a2\COMCTL32.dll
0x00007ffd5a820000 - 0x00007ffd5a849000 	C:\WINDOWS\System32\GDI32.dll
0x00007ffd5a050000 - 0x00007ffd5a0f7000 	C:\WINDOWS\System32\msvcrt.dll
0x00007ffd58380000 - 0x00007ffd58492000 	C:\WINDOWS\System32\gdi32full.dll
0x00007ffd584a0000 - 0x00007ffd5853a000 	C:\WINDOWS\System32\msvcp_win.dll
0x00007ffd59970000 - 0x00007ffd599a1000 	C:\WINDOWS\System32\IMM32.DLL
0x00007ffd126c0000 - 0x00007ffd1275d000 	C:\Program Files\Android\Android Studio\jre\bin\msvcp140.dll
0x00007ffcf6960000 - 0x00007ffcf7462000 	C:\Program Files\Android\Android Studio\jre\bin\server\jvm.dll
0x00007ffd5a290000 - 0x00007ffd5a33e000 	C:\WINDOWS\System32\ADVAPI32.dll
0x00007ffd5a8f0000 - 0x00007ffd5a994000 	C:\WINDOWS\System32\sechost.dll
0x00007ffd59ed0000 - 0x00007ffd59fe5000 	C:\WINDOWS\System32\RPCRT4.dll
0x00007ffd5a860000 - 0x00007ffd5a868000 	C:\WINDOWS\System32\PSAPI.DLL
0x00007ffd420e0000 - 0x00007ffd42114000 	C:\WINDOWS\SYSTEM32\WINMM.dll
0x00007ffd47270000 - 0x00007ffd47279000 	C:\WINDOWS\SYSTEM32\WSOCK32.dll
0x00007ffd4f240000 - 0x00007ffd4f24a000 	C:\WINDOWS\SYSTEM32\VERSION.dll
0x00007ffd5a7a0000 - 0x00007ffd5a811000 	C:\WINDOWS\System32\WS2_32.dll
0x00007ffd56b80000 - 0x00007ffd56b98000 	C:\WINDOWS\SYSTEM32\kernel.appcore.dll
0x00007ffcf8020000 - 0x00007ffcf8031000 	C:\Program Files\Android\Android Studio\jre\bin\verify.dll
0x00007ffd57ad0000 - 0x00007ffd57cfe000 	C:\WINDOWS\SYSTEM32\DBGHELP.DLL
0x00007ffd5a410000 - 0x00007ffd5a799000 	C:\WINDOWS\System32\combase.dll
0x00007ffd59600000 - 0x00007ffd596d7000 	C:\WINDOWS\System32\OLEAUT32.dll
0x00007ffd57920000 - 0x00007ffd57952000 	C:\WINDOWS\SYSTEM32\dbgcore.DLL
0x00007ffd58a00000 - 0x00007ffd58a7b000 	C:\WINDOWS\System32\bcryptPrimitives.dll
0x00007ffcf6930000 - 0x00007ffcf6959000 	C:\Program Files\Android\Android Studio\jre\bin\java.dll
0x00007ffd1cf90000 - 0x00007ffd1cf9b000 	C:\Program Files\Android\Android Studio\jre\bin\jimage.dll
0x00007ffcf8000000 - 0x00007ffcf8018000 	C:\Program Files\Android\Android Studio\jre\bin\zip.dll

dbghelp: loaded successfully - version: 4.0.5 - missing functions: none
symbol engine: initialized successfully - sym options: 0x614 - pdb path: .;C:\Program Files\Android\Android Studio\jre\bin;C:\WINDOWS\SYSTEM32;C:\WINDOWS\WinSxS\amd64_microsoft.windows.common-controls_6595b64144ccf1df_6.0.22621.290_none_a93c417bc112f3a2;C:\Program Files\Android\Android Studio\jre\bin\server

VM Arguments:
java_command: <unknown>
java_class_path (initial): <not set>
Launcher Type: SUN_STANDARD

[Global flags]
     intx CICompilerCount                          = 4                                         {product} {ergonomic}
     uint ConcGCThreads                            = 3                                         {product} {ergonomic}
     uint G1ConcRefinementThreads                  = 10                                        {product} {ergonomic}
   size_t G1HeapRegionSize                         = 1048576                                   {product} {ergonomic}
    uintx GCDrainStackTargetSize                   = 64                                        {product} {ergonomic}
   size_t InitialHeapSize                          = 266338304                                 {product} {ergonomic}
   size_t MarkStackSize                            = 4194304                                   {product} {ergonomic}
   size_t MaxHeapSize                              = 4253024256                                {product} {ergonomic}
   size_t MinHeapDeltaBytes                        = 1048576                                   {product} {ergonomic}
    uintx NonNMethodCodeHeapSize                   = 5836300                                {pd product} {ergonomic}
    uintx NonProfiledCodeHeapSize                  = 122910970                              {pd product} {ergonomic}
    uintx ProfiledCodeHeapSize                     = 122910970                              {pd product} {ergonomic}
    uintx ReservedCodeCacheSize                    = 251658240                              {pd product} {ergonomic}
     bool SegmentedCodeCache                       = true                                      {product} {ergonomic}
     bool UseCompressedClassPointers               = true                                 {lp64_product} {ergonomic}
     bool UseCompressedOops                        = true                                 {lp64_product} {ergonomic}
     bool UseG1GC                                  = true                                      {product} {ergonomic}
     bool UseLargePagesIndividualAllocation        = false                                  {pd product} {ergonomic}

Logging:
Log output configuration:
 #0: stdout all=warning uptime,level,tags
 #1: stderr all=off uptime,level,tags

Environment Variables:
JAVA_HOME=C:\Program Files\Java\jdk-11.0.15.1
PATH=D:\VM WARE\bin\;C:\Program Files (x86)\Common Files\Oracle\Java\javapath;C:\Program Files (x86)\Common Files\Intel\Shared Libraries\redist\intel64\compiler;C:\Program Files\Common Files\Oracle\Java\javapath;C:\Python310\Scripts\;C:\Python310\;C:\Windows\system32;C:\Windows;C:\Windows\System32\Wbem;C:\Windows\System32\WindowsPowerShell\v1.0\;C:\Windows\System32\OpenSSH\;C:\Program Files (x86)\Intel\Intel(R) Management Engine Components\DAL;C:\Program Files\Intel\Intel(R) Management Engine Components\DAL;C:\Program Files (x86)\NVIDIA Corporation\PhysX\Common;C:\Program Files\NVIDIA Corporation\NVIDIA NvDLISR;C:\WINDOWS\system32;C:\WINDOWS;C:\WINDOWS\System32\Wbem;C:\WINDOWS\System32\WindowsPowerShell\v1.0\;C:\WINDOWS\System32\OpenSSH\;C:\Program Files\nodejs\;C:\ProgramData\chocolatey\bin;C:\Program Files\dotnet\;D:\flutter_windows_3.3.6-stable\flutter\bin;C:\Program Files\Git\cmd;C:\Users\souda\AppData\Local\Microsoft\WindowsApps;C:\Users\souda\AppData\Roaming\npm;C:\Users\souda\AppData\Local\Programs\Microsoft VS Code\bin;C:\Program Files\Java\jdk-11.0.15.1\bin;D:\flutter_windows_3.3.6-stable\flutter\bin;;D:\flutter_windows_3.3.6-\flutter\bin\mingit\cmd
USERNAME=souda
OS=Windows_NT
PROCESSOR_IDENTIFIER=Intel64 Family 6 Model 158 Stepping 10, GenuineIntel



---------------  S Y S T E M  ---------------

OS: Windows 11 , 64 bit Build 22621 (10.0.22621.285)
OS uptime: 0 days 20:06 hours

CPU:total 12 (initial active 12) (6 cores per cpu, 2 threads per core) family 6 model 158 stepping 10 microcode 0xde, cmov, cx8, fxsr, mmx, sse, sse2, sse3, ssse3, sse4.1, sse4.2, popcnt, avx, avx2, aes, clmul, erms, 3dnowpref, lzcnt, ht, tsc, tscinvbit, bmi1, bmi2, adx, fma

Memory: 4k page, system-wide physical 16223M (3158M free)
TotalPageFile size 26700M (AvailPageFile size 205M)
current process WorkingSet (physical memory assigned to process): 11M, peak: 11M
current process commit charge ("private bytes"): 64M, peak: 318M

vm_info: OpenJDK 64-Bit Server VM (11.0.13+0-b1751.21-8125866) for windows-amd64 JRE (11.0.13+0-b1751.21-8125866), built on Feb  2 2022 03:00:22 by "builder" with MS VC++ 14.0 (VS2015)

END.
