#
# There is insufficient memory for the Java Runtime Environment to continue.
# Native memory allocation (mmap) failed to map 266338304 bytes for Failed to commit area from 0x0000000702800000 to 0x0000000712600000 of length 266338304.
# Possible reasons:
#   The system is out of physical RAM or swap space
#   The process is running with CompressedOops enabled, and the Java Heap may be blocking the growth of the native heap
# Possible solutions:
#   Reduce memory load on the system
#   Increase physical memory or swap space
#   Check if swap backing store is full
#   Decrease Java heap size (-Xmx/-Xms)
#   Decrease number of Java threads
#   Decrease Java thread stack sizes (-Xss)
#   Set larger code cache with -XX:ReservedCodeCacheSize=
# This output file may be truncated or incomplete.
#
#  Out of Memory Error (./open/src/hotspot/os/windows/os_windows.cpp:3287), pid=25240, tid=1988
#
# JRE version:  (11.0.15.1+2) (build )
# Java VM: Java HotSpot(TM) 64-Bit Server VM (11.0.15.1+2-LTS-10, mixed mode, sharing, tiered, compressed oops, g1 gc, windows-amd64)
# No core dump will be written. Minidumps are not enabled by default on client versions of Windows
#

---------------  S U M M A R Y ------------

Command Line: -Dorg.gradle.appname=gradlew org.gradle.wrapper.GradleWrapperMain -q -Ptarget-platform=android-x64 -Ptarget=F:\superapp\1.6.5\lib\main.dart -Pbase-application-name=android.app.Application -Pdart-defines=Zmx1dHRlci5pbnNwZWN0b3Iuc3RydWN0dXJlZEVycm9ycz10cnVl,RkxVVFRFUl9XRUJfQVVUT19ERVRFQ1Q9dHJ1ZQ== -Pdart-obfuscation=false -Ptrack-widget-creation=true -Ptree-shake-icons=false -Pfilesystem-scheme=org-dartlang-root assembleDebug

Host: Intel(R) Core(TM) i7-9750H CPU @ 2.60GHz, 12 cores, 15G,  Windows 11 , 64 bit Build 22621 (10.0.22621.285)
Time: Tue Jan 31 22:00:39 2023 India Standard Time elapsed time: 0.068889 seconds (0d 0h 0m 0s)

---------------  T H R E A D  ---------------

Current thread (0x000002221a94a800):  JavaThread "Unknown thread" [_thread_in_vm, id=1988, stack(0x00000029f2500000,0x00000029f2600000)]

Stack: [0x00000029f2500000,0x00000029f2600000]
Native frames: (J=compiled Java code, j=interpreted, Vv=VM code, C=native code)
V  [jvm.dll+0x629d8a]
V  [jvm.dll+0x7638ff]
V  [jvm.dll+0x764fa9]
V  [jvm.dll+0x765633]
V  [jvm.dll+0x23d9c8]
V  [jvm.dll+0x6270aa]
V  [jvm.dll+0x61be35]
V  [jvm.dll+0x2f27dc]
V  [jvm.dll+0x2f2662]
V  [jvm.dll+0x2f7386]
V  [jvm.dll+0x339d8f]
V  [jvm.dll+0x3397c0]
V  [jvm.dll+0x2cfdf8]
V  [jvm.dll+0x2d0f66]
V  [jvm.dll+0x73df07]
V  [jvm.dll+0x73f79f]
V  [jvm.dll+0x346ab9]
V  [jvm.dll+0x723810]
V  [jvm.dll+0x3b56cf]
V  [jvm.dll+0x3b77e1]
C  [jli.dll+0x5207]
C  [ucrtbase.dll+0x29363]
C  [KERNEL32.DLL+0x1244d]
C  [ntdll.dll+0x5df88]


---------------  P R O C E S S  ---------------

Threads class SMR info:
_java_thread_list=0x00000222186f7760, length=0, elements={
}

Java Threads: ( => current thread )

Other Threads:
  0x000002221a95f000 GCTaskThread "GC Thread#0" [stack: 0x00000029f2600000,0x00000029f2700000] [id=27376]
  0x000002221a9bd800 ConcurrentGCThread "G1 Main Marker" [stack: 0x00000029f2700000,0x00000029f2800000] [id=6264]
  0x000002221a9bf800 ConcurrentGCThread "G1 Conc#0" [stack: 0x00000029f2800000,0x00000029f2900000] [id=1348]

[error occurred during error reporting (printing all threads), id 0xc0000005, EXCEPTION_ACCESS_VIOLATION (0xc0000005) at pc=0x00007ffcb211f087]

VM state:not at safepoint (not fully initialized)

VM Mutex/Monitor currently owned by a thread:  ([mutex/lock_event])
[0x000002221a9479c0] Heap_lock - owner thread: 0x000002221a94a800

Heap address: 0x0000000702800000, size: 4056 MB, Compressed Oops mode: Non-zero based: 0x0000000702800000
Narrow klass base: 0x0000000000000000, Narrow klass shift: 0

GC Heap History (0 events):
No events

Deoptimization events (0 events):
No events

Classes redefined (0 events):
No events

Internal exceptions (0 events):
No events

Events (0 events):
No events


Dynamic libraries:
0x00007ff7f4850000 - 0x00007ff7f485f000 	C:\Program Files\Java\jdk-11.0.15.1\bin\java.exe
0x00007ffd5ad10000 - 0x00007ffd5af24000 	C:\WINDOWS\SYSTEM32\ntdll.dll
0x00007ffd5a340000 - 0x00007ffd5a402000 	C:\WINDOWS\System32\KERNEL32.DLL
0x00007ffd58660000 - 0x00007ffd589fc000 	C:\WINDOWS\System32\KERNELBASE.dll
0x00007ffd58540000 - 0x00007ffd58651000 	C:\WINDOWS\System32\ucrtbase.dll
0x00007ffd316b0000 - 0x00007ffd316c5000 	C:\Program Files\Java\jdk-11.0.15.1\bin\VCRUNTIME140.dll
0x00007ffd313a0000 - 0x00007ffd313b8000 	C:\Program Files\Java\jdk-11.0.15.1\bin\jli.dll
0x00007ffd5a290000 - 0x00007ffd5a33e000 	C:\WINDOWS\System32\ADVAPI32.dll
0x00007ffd5a050000 - 0x00007ffd5a0f7000 	C:\WINDOWS\System32\msvcrt.dll
0x00007ffd5a8f0000 - 0x00007ffd5a994000 	C:\WINDOWS\System32\sechost.dll
0x00007ffd59ed0000 - 0x00007ffd59fe5000 	C:\WINDOWS\System32\RPCRT4.dll
0x00007ffd58c20000 - 0x00007ffd58dcb000 	C:\WINDOWS\System32\USER32.dll
0x00007ffd58a80000 - 0x00007ffd58aa6000 	C:\WINDOWS\System32\win32u.dll
0x00007ffd5a820000 - 0x00007ffd5a849000 	C:\WINDOWS\System32\GDI32.dll
0x00007ffd58380000 - 0x00007ffd58492000 	C:\WINDOWS\System32\gdi32full.dll
0x00007ffd584a0000 - 0x00007ffd5853a000 	C:\WINDOWS\System32\msvcp_win.dll
0x00007ffd57380000 - 0x00007ffd5760e000 	C:\WINDOWS\WinSxS\amd64_microsoft.windows.common-controls_6595b64144ccf1df_6.0.22621.290_none_a93c417bc112f3a2\COMCTL32.dll
0x00007ffd4f240000 - 0x00007ffd4f24a000 	C:\WINDOWS\SYSTEM32\VERSION.dll
0x00007ffd59970000 - 0x00007ffd599a1000 	C:\WINDOWS\System32\IMM32.DLL
0x00007ffd0eed0000 - 0x00007ffd0ef6b000 	C:\Program Files\Java\jdk-11.0.15.1\bin\msvcp140.dll
0x00007ffcb1e40000 - 0x00007ffcb2956000 	C:\Program Files\Java\jdk-11.0.15.1\bin\server\jvm.dll
0x00007ffd5a860000 - 0x00007ffd5a868000 	C:\WINDOWS\System32\PSAPI.DLL
0x00007ffd420e0000 - 0x00007ffd42114000 	C:\WINDOWS\SYSTEM32\WINMM.dll
0x00007ffd47270000 - 0x00007ffd47279000 	C:\WINDOWS\SYSTEM32\WSOCK32.dll
0x00007ffd5a7a0000 - 0x00007ffd5a811000 	C:\WINDOWS\System32\WS2_32.dll
0x00007ffd56b80000 - 0x00007ffd56b98000 	C:\WINDOWS\SYSTEM32\kernel.appcore.dll
0x00007ffd3e4c0000 - 0x00007ffd3e4d0000 	C:\Program Files\Java\jdk-11.0.15.1\bin\verify.dll
0x00007ffd57ad0000 - 0x00007ffd57cfe000 	C:\WINDOWS\SYSTEM32\DBGHELP.DLL
0x00007ffd5a410000 - 0x00007ffd5a799000 	C:\WINDOWS\System32\combase.dll
0x00007ffd59600000 - 0x00007ffd596d7000 	C:\WINDOWS\System32\OLEAUT32.dll
0x00007ffd57920000 - 0x00007ffd57952000 	C:\WINDOWS\SYSTEM32\dbgcore.DLL
0x00007ffd58a00000 - 0x00007ffd58a7b000 	C:\WINDOWS\System32\bcryptPrimitives.dll
0x00007ffd2d540000 - 0x00007ffd2d568000 	C:\Program Files\Java\jdk-11.0.15.1\bin\java.dll
0x00007ffd3df70000 - 0x00007ffd3df7a000 	C:\Program Files\Java\jdk-11.0.15.1\bin\jimage.dll
0x00007ffd30dc0000 - 0x00007ffd30dd6000 	C:\Program Files\Java\jdk-11.0.15.1\bin\zip.dll

dbghelp: loaded successfully - version: 4.0.5 - missing functions: none
symbol engine: initialized successfully - sym options: 0x614 - pdb path: .;C:\Program Files\Java\jdk-11.0.15.1\bin;C:\WINDOWS\SYSTEM32;C:\WINDOWS\WinSxS\amd64_microsoft.windows.common-controls_6595b64144ccf1df_6.0.22621.290_none_a93c417bc112f3a2;C:\Program Files\Java\jdk-11.0.15.1\bin\server

VM Arguments:
jvm_args: -Dorg.gradle.appname=gradlew 
java_command: org.gradle.wrapper.GradleWrapperMain -q -Ptarget-platform=android-x64 -Ptarget=F:\superapp\1.6.5\lib\main.dart -Pbase-application-name=android.app.Application -Pdart-defines=Zmx1dHRlci5pbnNwZWN0b3Iuc3RydWN0dXJlZEVycm9ycz10cnVl,RkxVVFRFUl9XRUJfQVVUT19ERVRFQ1Q9dHJ1ZQ== -Pdart-obfuscation=false -Ptrack-widget-creation=true -Ptree-shake-icons=false -Pfilesystem-scheme=org-dartlang-root assembleDebug
java_class_path (initial): F:\superapp\1.6.5\android\\gradle\wrapper\gradle-wrapper.jar
Launcher Type: SUN_STANDARD

[Global flags]
     intx CICompilerCount                          = 4                                         {product} {ergonomic}
     uint ConcGCThreads                            = 3                                         {product} {ergonomic}
     uint G1ConcRefinementThreads                  = 10                                        {product} {ergonomic}
   size_t G1HeapRegionSize                         = 1048576                                   {product} {ergonomic}
    uintx GCDrainStackTargetSize                   = 64                                        {product} {ergonomic}
   size_t InitialHeapSize                          = 266338304                                 {product} {ergonomic}
   size_t MarkStackSize                            = 4194304                                   {product} {ergonomic}
   size_t MaxHeapSize                              = 4253024256                                {product} {ergonomic}
   size_t MinHeapDeltaBytes                        = 1048576                                   {product} {ergonomic}
    uintx NonNMethodCodeHeapSize                   = 5836300                                {pd product} {ergonomic}
    uintx NonProfiledCodeHeapSize                  = 122910970                              {pd product} {ergonomic}
    uintx ProfiledCodeHeapSize                     = 122910970                              {pd product} {ergonomic}
    uintx ReservedCodeCacheSize                    = 251658240                              {pd product} {ergonomic}
     bool SegmentedCodeCache                       = true                                      {product} {ergonomic}
     bool UseCompressedClassPointers               = true                                 {lp64_product} {ergonomic}
     bool UseCompressedOops                        = true                                 {lp64_product} {ergonomic}
     bool UseG1GC                                  = true                                      {product} {ergonomic}
     bool UseLargePagesIndividualAllocation        = false                                  {pd product} {ergonomic}

Logging:
Log output configuration:
 #0: stdout all=warning uptime,level,tags
 #1: stderr all=off uptime,level,tags

Environment Variables:
JAVA_HOME=C:\Program Files\Java\jdk-11.0.15.1
CLASSPATH=F:\superapp\1.6.5\android\\gradle\wrapper\gradle-wrapper.jar
PATH=D:\VM WARE\bin\;C:\Program Files (x86)\Common Files\Oracle\Java\javapath;C:\Program Files (x86)\Common Files\Intel\Shared Libraries\redist\intel64\compiler;C:\Program Files\Common Files\Oracle\Java\javapath;C:\Python310\Scripts\;C:\Python310\;C:\Windows\system32;C:\Windows;C:\Windows\System32\Wbem;C:\Windows\System32\WindowsPowerShell\v1.0\;C:\Windows\System32\OpenSSH\;C:\Program Files (x86)\Intel\Intel(R) Management Engine Components\DAL;C:\Program Files\Intel\Intel(R) Management Engine Components\DAL;C:\Program Files (x86)\NVIDIA Corporation\PhysX\Common;C:\Program Files\NVIDIA Corporation\NVIDIA NvDLISR;C:\WINDOWS\system32;C:\WINDOWS;C:\WINDOWS\System32\Wbem;C:\WINDOWS\System32\WindowsPowerShell\v1.0\;C:\WINDOWS\System32\OpenSSH\;C:\Program Files\nodejs\;C:\ProgramData\chocolatey\bin;C:\Program Files\dotnet\;D:\flutter_windows_3.3.6-stable\flutter\bin;C:\Program Files\Git\cmd;C:\Users\souda\AppData\Local\Microsoft\WindowsApps;C:\Users\souda\AppData\Roaming\npm;C:\Users\souda\AppData\Local\Programs\Microsoft VS Code\bin;C:\Program Files\Java\jdk-11.0.15.1\bin;D:\flutter_windows_3.3.6-stable\flutter\bin;;D:\flutter_windows_3.3.6-\flutter\bin\mingit\cmd
USERNAME=souda
OS=Windows_NT
PROCESSOR_IDENTIFIER=Intel64 Family 6 Model 158 Stepping 10, GenuineIntel



---------------  S Y S T E M  ---------------

OS: Windows 11 , 64 bit Build 22621 (10.0.22621.285)

CPU:total 12 (initial active 12) (6 cores per cpu, 2 threads per core) family 6 model 158 stepping 10 microcode 0xde, cmov, cx8, fxsr, mmx, sse, sse2, sse3, ssse3, sse4.1, sse4.2, popcnt, avx, avx2, aes, clmul, erms, 3dnowpref, lzcnt, ht, tsc, tscinvbit, bmi1, bmi2, adx, fma

Memory: 4k page, system-wide physical 16223M (3076M free)
TotalPageFile size 26700M (AvailPageFile size 97M)
current process WorkingSet (physical memory assigned to process): 10M, peak: 10M
current process commit charge ("private bytes"): 64M, peak: 318M

vm_info: Java HotSpot(TM) 64-Bit Server VM (11.0.15.1+2-LTS-10) for windows-amd64 JRE (11.0.15.1+2-LTS-10), built on Apr 25 2022 21:51:57 by "mach5one" with MS VC++ 15.9 (VS2017)

END.
